<?xml version="1.0" encoding="UTF-8"?>
<testsuite xmlns:xsi="http://www.w3.org/2001/XMLSchema-instance" xsi:noNamespaceSchemaLocation="https://maven.apache.org/surefire/maven-surefire-plugin/xsd/surefire-test-report-3.0.xsd" version="3.0" name="school.sptech.projeto1.heranca.CarrinhoTest" time="0.123" tests="16" errors="0" skipped="0" failures="0">
  <properties>
[...]
</properties>
  <testcase name="removerProduto(): dado um valor inválido não deve lançar um erro" classname="school.sptech.projeto1.heranca.CarrinhoTest" time="0.053"/>
  <testcase name="adicionarProduto(): dado um valor válido deve adicionar o produto no carrinho" classname="school.sptech.projeto1.heranca.CarrinhoTest" time="0.003"/>
  <testcase name="adicionarProduto(): dado um valor inválido não deve adicionar o produto no carrinho" classname="school.sptech.projeto1.heranca.CarrinhoTest" time="0.002"/>
  <testcase name="findProdutoPeloNome(): quando nome inválido deve retornar null" classname="school.sptech.projeto1.heranca.CarrinhoTest" time="0.002"/>
  <testcase name="findProdutoPeloIndice(): quando índice inválido deve retornar null" classname="school.sptech.projeto1.heranca.CarrinhoTest" time="0.002"/>
  <testcase name="findProdutoPeloNome(): quando nome válido caixa baixa deve retornar o produto encontrado" classname="school.sptech.projeto1.heranca.CarrinhoTest" time="0.002"/>
  <testcase name="removerProduto(): dado um valor válido deve remover o produto da lista" classname="school.sptech.projeto1.heranca.CarrinhoTest" time="0.001"/>
  <testcase name="parcelarCompra(): deve calcular o valor de cada parcela dependendo da quantidade selecionada" classname="school.sptech.projeto1.heranca.CarrinhoTest" time="0.001"/>
  <testcase name="countProdutosInternacionais(): deve retornar a quantidade de produtos internacionais no carrinho - Cenário 1" classname="school.sptech.projeto1.heranca.CarrinhoTest" time="0.001"/>
  <testcase name="findProdutoPorCategoria(): quando categoria inválida deve retornar uma lista vazia" classname="school.sptech.projeto1.heranca.CarrinhoTest" time="0.001"/>
  <testcase name="findProdutoPeloIndice(): quando índice válido deve retornar o produto encontrado" classname="school.sptech.projeto1.heranca.CarrinhoTest" time="0.001"/>
  <testcase name="findProdutoPorCategoria(): quando categoria válida e em caixa alta deve retornar todos os produtos encontrados" classname="school.sptech.projeto1.heranca.CarrinhoTest" time="0.001"/>
  <testcase name="findProdutoPeloNome(): quando nome válido deve retornar o produto encontrado" classname="school.sptech.projeto1.heranca.CarrinhoTest" time="0.001"/>
  <testcase name="calcularTotal(): deve calcular o valor de todos os itens do carrinho" classname="school.sptech.projeto1.heranca.CarrinhoTest" time="0.001"/>
  <testcase name="findProdutoPorCategoria(): quando categoria válida deve retornar todos os produtos encontrados" classname="school.sptech.projeto1.heranca.CarrinhoTest" time="0.001"/>
  <testcase name="countProdutosInternacionais(): deve retornar a quantidade de produtos internacionais no carrinho - Cenário 2" classname="school.sptech.projeto1.heranca.CarrinhoTest" time="0.002"/>
</testsuite>