<?xml version="1.0" encoding="UTF-8"?>
<testsuite xmlns:xsi="http://www.w3.org/2001/XMLSchema-instance" xsi:noNamespaceSchemaLocation="https://maven.apache.org/surefire/maven-surefire-plugin/xsd/surefire-test-report-3.0.xsd" version="3.0" name="school.sptech.projeto1.heranca.ProdutoTest" time="0.025" tests="3" errors="0" skipped="0" failures="0">
  <properties>
[...]
</properties>
  <testcase name="getPreco(): quando acionado e produto possui valor 4.999,99 deve retornar 4.999,99" classname="school.sptech.projeto1.heranca.ProdutoTest" time="0.002"/>
  <testcase name="classe Produto deve conter getters e setters para todos os atributos" classname="school.sptech.projeto1.heranca.ProdutoTest" time="0.01"/>
  <testcase name="getPreco(): quando acionado e produto possui valor 0 deve retornar 0" classname="school.sptech.projeto1.heranca.ProdutoTest" time="0.006"/>
</testsuite>