<?xml version="1.0" encoding="UTF-8"?>
<testsuite xmlns:xsi="http://www.w3.org/2001/XMLSchema-instance" xsi:noNamespaceSchemaLocation="https://maven.apache.org/surefire/maven-surefire-plugin/xsd/surefire-test-report-3.0.xsd" version="3.0" name="Teste classe ListaUtil" time="0.286" tests="24" errors="0" skipped="0" failures="0">
  <properties>
[...]
</properties>
  <testcase name="add(): Quando adicionado valor null não altera o tamanho da lista" classname="Teste classe ListaUtil" time="0.226"/>
  <testcase name="count(): Quando a lista possuir 3 valores retorna 3" classname="Teste classe ListaUtil" time="0.001"/>
  <testcase name="hasDuplicidade(): Quando a lista não possuir valores duplicados deve retornar false" classname="Teste classe ListaUtil" time="0.001"/>
  <testcase name="countPares(): Quando a lista possuir 3 valores pares retorna 3" classname="Teste classe ListaUtil" time="0.001"/>
  <testcase name="hasDuplicidade(): Quando a lista possuir valores duplicados deve retornar true (88)" classname="Teste classe ListaUtil" time="0.001"/>
  <testcase name="hasDuplicidade(): Quando a lista possuir valores duplicados deve retornar true (6)" classname="Teste classe ListaUtil" time="0.001"/>
  <testcase name="getMenor(): Quando a lista estiver vazia deve retornar 0" classname="Teste classe ListaUtil" time="0"/>
  <testcase name="remove(): Quando passado um valor que existe na lista o valor deve ser removido" classname="Teste classe ListaUtil" time="0.001"/>
  <testcase name="getMaior(): Quando a lista estiver vazia deve retornar 0" classname="Teste classe ListaUtil" time="0"/>
  <testcase name="somar(): Quando a lista possuir valores 30, 10 e 2 deve retornar a soma correta (42)" classname="Teste classe ListaUtil" time="0.001"/>
  <testcase name="somar(): Quando a lista possuir valores 20, 10, 50, 17 e 2 deve retornar a soma correta (99)" classname="Teste classe ListaUtil" time="0.001"/>
  <testcase name="add(): Quando adicionado valores positivos e negativos aumenta o tamanho da lista" classname="Teste classe ListaUtil" time="0"/>
  <testcase name="countImpares(): Quando a lista possuir 3 valores ímpares retorna 3" classname="Teste classe ListaUtil" time="0"/>
  <testcase name="hasDuplicidade(): Quando a lista possuir valores duplicados deve retornar true (42)" classname="Teste classe ListaUtil" time="0.001"/>
  <testcase name="getMenor(): Quando a lista possuir valores deve retornar o menor" classname="Teste classe ListaUtil" time="0"/>
  <testcase name="remove(): Quando passado um valor que não existe, não altera o tamanho da lista" classname="Teste classe ListaUtil" time="0.001"/>
  <testcase name="count(): Quando a lista estiver vazia deve retornar 0" classname="Teste classe ListaUtil" time="0"/>
  <testcase name="somar(): Quando a lista estiver vazia deve retornar 0" classname="Teste classe ListaUtil" time="0"/>
  <testcase name="countPares(): Quando a lista estiver vazia retorna 0" classname="Teste classe ListaUtil" time="0.001"/>
  <testcase name="countImpares(): Quando a lista estiver vazia retorna 0" classname="Teste classe ListaUtil" time="0"/>
  <testcase name="countPares(): Quando a lista possuir 6 valores pares retorna 6" classname="Teste classe ListaUtil" time="0"/>
  <testcase name="hasDuplicidade(): Quando a lista estiver vazia deve retornar false" classname="Teste classe ListaUtil" time="0.001"/>
  <testcase name="remove(): Quando remover um valor null não altera o tamanho da lista" classname="Teste classe ListaUtil" time="0"/>
  <testcase name="getMaior(): Quando a lista possuir valores deve retornar o maior" classname="Teste classe ListaUtil" time="0.001"/>
</testsuite>